The system is: Linux - 2.6.32-642.11.1.el6.x86_64 - x86_64
Compiling the C compiler identification source file "CMakeCCompilerId.c" succeeded.
Compiler: /cvmfs/lhcb.cern.ch/lib/lcg/releases/LCG_84/gcc/4.9.3/x86_64-slc6/bin/gcc 
Build flags: 
Id flags: 

The output was:
0


Compilation of the C compiler identification source "CMakeCCompilerId.c" produced "a.out"

The C compiler identification is GNU, found in "/home/chasenberg/repos/b2cc_sin2beta_run2/build/CMakeFiles/3.2.2/CompilerIdC/a.out"

Compiling the CXX compiler identification source file "CMakeCXXCompilerId.cpp" succeeded.
Compiler: /cvmfs/lhcb.cern.ch/lib/lcg/releases/LCG_84/gcc/4.9.3/x86_64-slc6/bin/g++ 
Build flags: 
Id flags: 

The output was:
0


Compilation of the CXX compiler identification source "CMakeCXXCompilerId.cpp" produced "a.out"

The CXX compiler identification is GNU, found in "/home/chasenberg/repos/b2cc_sin2beta_run2/build/CMakeFiles/3.2.2/CompilerIdCXX/a.out"

Determining if the C compiler works passed with the following output:
Change Dir: /home/chasenberg/repos/b2cc_sin2beta_run2/build/CMakeFiles/CMakeTmp

Run Build Command:"/usr/bin/gmake" "cmTryCompileExec1678755910/fast"
/usr/bin/gmake -f CMakeFiles/cmTryCompileExec1678755910.dir/build.make CMakeFiles/cmTryCompileExec1678755910.dir/build
gmake[1]: Entering directory `/home/chasenberg/repos/b2cc_sin2beta_run2/build/CMakeFiles/CMakeTmp'
/usr/local/stow/cmake/bin/cmake -E cmake_progress_report /home/chasenberg/repos/b2cc_sin2beta_run2/build/CMakeFiles/CMakeTmp/CMakeFiles 1
Building C object CMakeFiles/cmTryCompileExec1678755910.dir/testCCompiler.c.o
/cvmfs/lhcb.cern.ch/lib/lcg/releases/LCG_84/gcc/4.9.3/x86_64-slc6/bin/gcc    -o CMakeFiles/cmTryCompileExec1678755910.dir/testCCompiler.c.o   -c /home/chasenberg/repos/b2cc_sin2beta_run2/build/CMakeFiles/CMakeTmp/testCCompiler.c
Linking C executable cmTryCompileExec1678755910
/usr/local/stow/cmake/bin/cmake -E cmake_link_script CMakeFiles/cmTryCompileExec1678755910.dir/link.txt --verbose=1
/cvmfs/lhcb.cern.ch/lib/lcg/releases/LCG_84/gcc/4.9.3/x86_64-slc6/bin/gcc       CMakeFiles/cmTryCompileExec1678755910.dir/testCCompiler.c.o  -o cmTryCompileExec1678755910 -rdynamic 
gmake[1]: Leaving directory `/home/chasenberg/repos/b2cc_sin2beta_run2/build/CMakeFiles/CMakeTmp'


Detecting C compiler ABI info compiled with the following output:
Change Dir: /home/chasenberg/repos/b2cc_sin2beta_run2/build/CMakeFiles/CMakeTmp

Run Build Command:"/usr/bin/gmake" "cmTryCompileExec1301794033/fast"
/usr/bin/gmake -f CMakeFiles/cmTryCompileExec1301794033.dir/build.make CMakeFiles/cmTryCompileExec1301794033.dir/build
gmake[1]: Entering directory `/home/chasenberg/repos/b2cc_sin2beta_run2/build/CMakeFiles/CMakeTmp'
/usr/local/stow/cmake/bin/cmake -E cmake_progress_report /home/chasenberg/repos/b2cc_sin2beta_run2/build/CMakeFiles/CMakeTmp/CMakeFiles 1
Building C object CMakeFiles/cmTryCompileExec1301794033.dir/CMakeCCompilerABI.c.o
/cvmfs/lhcb.cern.ch/lib/lcg/releases/LCG_84/gcc/4.9.3/x86_64-slc6/bin/gcc    -o CMakeFiles/cmTryCompileExec1301794033.dir/CMakeCCompilerABI.c.o   -c /usr/local/stow/cmake/share/cmake-3.2/Modules/CMakeCCompilerABI.c
Linking C executable cmTryCompileExec1301794033
/usr/local/stow/cmake/bin/cmake -E cmake_link_script CMakeFiles/cmTryCompileExec1301794033.dir/link.txt --verbose=1
/cvmfs/lhcb.cern.ch/lib/lcg/releases/LCG_84/gcc/4.9.3/x86_64-slc6/bin/gcc      -v CMakeFiles/cmTryCompileExec1301794033.dir/CMakeCCompilerABI.c.o  -o cmTryCompileExec1301794033 -rdynamic  
Using built-in specs.
COLLECT_GCC=/cvmfs/lhcb.cern.ch/lib/lcg/releases/LCG_84/gcc/4.9.3/x86_64-slc6/bin/gcc
COLLECT_LTO_WRAPPER=/cvmfs/lhcb.cern.ch/lib/lcg/releases/gcc/4.9.3/x86_64-slc6/bin/../libexec/gcc/x86_64-unknown-linux-gnu/4.9.3/lto-wrapper
Target: x86_64-unknown-linux-gnu
Configured with: ../gcc-4.9.3/configure --prefix=/build/pmendez-sftnight/install-493/ --with-system-zlib --disable-multilib --enable-languages=all
Thread model: posix
gcc version 4.9.3 (GCC) 
COMPILER_PATH=/cvmfs/lhcb.cern.ch/lib/lcg/releases/gcc/4.9.3/x86_64-slc6/bin/../libexec/gcc/x86_64-unknown-linux-gnu/4.9.3/:/cvmfs/lhcb.cern.ch/lib/lcg/releases/gcc/4.9.3/x86_64-slc6/bin/../libexec/gcc/:/cvmfs/lhcb.cern.ch/lib/lcg/releases/LCGCMT/LCGCMT_84/LCG_Settings/../../../LCG_84/gcc/4.9.3/x86_64-slc6/lib/gcc/x86_64-unknown-linux-gnu/4.9.3/
LIBRARY_PATH=/cvmfs/lhcb.cern.ch/lib/lcg/releases/gcc/4.9.3/x86_64-slc6/bin/../lib/gcc/x86_64-unknown-linux-gnu/4.9.3/:/cvmfs/lhcb.cern.ch/lib/lcg/releases/gcc/4.9.3/x86_64-slc6/bin/../lib/gcc/:/cvmfs/lhcb.cern.ch/lib/lcg/releases/gcc/4.9.3/x86_64-slc6/bin/../lib/gcc/x86_64-unknown-linux-gnu/4.9.3/../../../../lib64/:/lib/../lib64/:/usr/lib/../lib64/:/cvmfs/lhcb.cern.ch/lib/lcg/releases/gcc/4.9.3/x86_64-slc6/bin/../lib/gcc/x86_64-unknown-linux-gnu/4.9.3/../../../:/lib/:/usr/lib/
COLLECT_GCC_OPTIONS='-v' '-o' 'cmTryCompileExec1301794033' '-rdynamic' '-mtune=generic' '-march=x86-64'
 /cvmfs/lhcb.cern.ch/lib/lcg/releases/gcc/4.9.3/x86_64-slc6/bin/../libexec/gcc/x86_64-unknown-linux-gnu/4.9.3/collect2 --eh-frame-hdr -m elf_x86_64 -export-dynamic -dynamic-linker /lib64/ld-linux-x86-64.so.2 -o cmTryCompileExec1301794033 /usr/lib/../lib64/crt1.o /usr/lib/../lib64/crti.o /cvmfs/lhcb.cern.ch/lib/lcg/releases/gcc/4.9.3/x86_64-slc6/bin/../lib/gcc/x86_64-unknown-linux-gnu/4.9.3/crtbegin.o -L/cvmfs/lhcb.cern.ch/lib/lcg/releases/gcc/4.9.3/x86_64-slc6/bin/../lib/gcc/x86_64-unknown-linux-gnu/4.9.3 -L/cvmfs/lhcb.cern.ch/lib/lcg/releases/gcc/4.9.3/x86_64-slc6/bin/../lib/gcc -L/cvmfs/lhcb.cern.ch/lib/lcg/releases/gcc/4.9.3/x86_64-slc6/bin/../lib/gcc/x86_64-unknown-linux-gnu/4.9.3/../../../../lib64 -L/lib/../lib64 -L/usr/lib/../lib64 -L/cvmfs/lhcb.cern.ch/lib/lcg/releases/gcc/4.9.3/x86_64-slc6/bin/../lib/gcc/x86_64-unknown-linux-gnu/4.9.3/../../.. CMakeFiles/cmTryCompileExec1301794033.dir/CMakeCCompilerABI.c.o -lgcc --as-needed -lgcc_s --no-as-needed -lc -lgcc --as-needed -lgcc_s --no-as-needed /cvmfs/lhcb.cern.ch/lib/lcg/releases/gcc/4.9.3/x86_64-slc6/bin/../lib/gcc/x86_64-unknown-linux-gnu/4.9.3/crtend.o /usr/lib/../lib64/crtn.o
gmake[1]: Leaving directory `/home/chasenberg/repos/b2cc_sin2beta_run2/build/CMakeFiles/CMakeTmp'


Parsed C implicit link information from above output:
  link line regex: [^( *|.*[/\])(ld|([^/\]+-)?ld|collect2)[^/\]*( |$)]
  ignore line: [Change Dir: /home/chasenberg/repos/b2cc_sin2beta_run2/build/CMakeFiles/CMakeTmp]
  ignore line: []
  ignore line: [Run Build Command:"/usr/bin/gmake" "cmTryCompileExec1301794033/fast"]
  ignore line: [/usr/bin/gmake -f CMakeFiles/cmTryCompileExec1301794033.dir/build.make CMakeFiles/cmTryCompileExec1301794033.dir/build]
  ignore line: [gmake[1]: Entering directory `/home/chasenberg/repos/b2cc_sin2beta_run2/build/CMakeFiles/CMakeTmp']
  ignore line: [/usr/local/stow/cmake/bin/cmake -E cmake_progress_report /home/chasenberg/repos/b2cc_sin2beta_run2/build/CMakeFiles/CMakeTmp/CMakeFiles 1]
  ignore line: [Building C object CMakeFiles/cmTryCompileExec1301794033.dir/CMakeCCompilerABI.c.o]
  ignore line: [/cvmfs/lhcb.cern.ch/lib/lcg/releases/LCG_84/gcc/4.9.3/x86_64-slc6/bin/gcc    -o CMakeFiles/cmTryCompileExec1301794033.dir/CMakeCCompilerABI.c.o   -c /usr/local/stow/cmake/share/cmake-3.2/Modules/CMakeCCompilerABI.c]
  ignore line: [Linking C executable cmTryCompileExec1301794033]
  ignore line: [/usr/local/stow/cmake/bin/cmake -E cmake_link_script CMakeFiles/cmTryCompileExec1301794033.dir/link.txt --verbose=1]
  ignore line: [/cvmfs/lhcb.cern.ch/lib/lcg/releases/LCG_84/gcc/4.9.3/x86_64-slc6/bin/gcc      -v CMakeFiles/cmTryCompileExec1301794033.dir/CMakeCCompilerABI.c.o  -o cmTryCompileExec1301794033 -rdynamic  ]
  ignore line: [Using built-in specs.]
  ignore line: [COLLECT_GCC=/cvmfs/lhcb.cern.ch/lib/lcg/releases/LCG_84/gcc/4.9.3/x86_64-slc6/bin/gcc]
  ignore line: [COLLECT_LTO_WRAPPER=/cvmfs/lhcb.cern.ch/lib/lcg/releases/gcc/4.9.3/x86_64-slc6/bin/../libexec/gcc/x86_64-unknown-linux-gnu/4.9.3/lto-wrapper]
  ignore line: [Target: x86_64-unknown-linux-gnu]
  ignore line: [Configured with: ../gcc-4.9.3/configure --prefix=/build/pmendez-sftnight/install-493/ --with-system-zlib --disable-multilib --enable-languages=all]
  ignore line: [Thread model: posix]
  ignore line: [gcc version 4.9.3 (GCC) ]
  ignore line: [COMPILER_PATH=/cvmfs/lhcb.cern.ch/lib/lcg/releases/gcc/4.9.3/x86_64-slc6/bin/../libexec/gcc/x86_64-unknown-linux-gnu/4.9.3/:/cvmfs/lhcb.cern.ch/lib/lcg/releases/gcc/4.9.3/x86_64-slc6/bin/../libexec/gcc/:/cvmfs/lhcb.cern.ch/lib/lcg/releases/LCGCMT/LCGCMT_84/LCG_Settings/../../../LCG_84/gcc/4.9.3/x86_64-slc6/lib/gcc/x86_64-unknown-linux-gnu/4.9.3/]
  ignore line: [LIBRARY_PATH=/cvmfs/lhcb.cern.ch/lib/lcg/releases/gcc/4.9.3/x86_64-slc6/bin/../lib/gcc/x86_64-unknown-linux-gnu/4.9.3/:/cvmfs/lhcb.cern.ch/lib/lcg/releases/gcc/4.9.3/x86_64-slc6/bin/../lib/gcc/:/cvmfs/lhcb.cern.ch/lib/lcg/releases/gcc/4.9.3/x86_64-slc6/bin/../lib/gcc/x86_64-unknown-linux-gnu/4.9.3/../../../../lib64/:/lib/../lib64/:/usr/lib/../lib64/:/cvmfs/lhcb.cern.ch/lib/lcg/releases/gcc/4.9.3/x86_64-slc6/bin/../lib/gcc/x86_64-unknown-linux-gnu/4.9.3/../../../:/lib/:/usr/lib/]
  ignore line: [COLLECT_GCC_OPTIONS='-v' '-o' 'cmTryCompileExec1301794033' '-rdynamic' '-mtune=generic' '-march=x86-64']
  link line: [ /cvmfs/lhcb.cern.ch/lib/lcg/releases/gcc/4.9.3/x86_64-slc6/bin/../libexec/gcc/x86_64-unknown-linux-gnu/4.9.3/collect2 --eh-frame-hdr -m elf_x86_64 -export-dynamic -dynamic-linker /lib64/ld-linux-x86-64.so.2 -o cmTryCompileExec1301794033 /usr/lib/../lib64/crt1.o /usr/lib/../lib64/crti.o /cvmfs/lhcb.cern.ch/lib/lcg/releases/gcc/4.9.3/x86_64-slc6/bin/../lib/gcc/x86_64-unknown-linux-gnu/4.9.3/crtbegin.o -L/cvmfs/lhcb.cern.ch/lib/lcg/releases/gcc/4.9.3/x86_64-slc6/bin/../lib/gcc/x86_64-unknown-linux-gnu/4.9.3 -L/cvmfs/lhcb.cern.ch/lib/lcg/releases/gcc/4.9.3/x86_64-slc6/bin/../lib/gcc -L/cvmfs/lhcb.cern.ch/lib/lcg/releases/gcc/4.9.3/x86_64-slc6/bin/../lib/gcc/x86_64-unknown-linux-gnu/4.9.3/../../../../lib64 -L/lib/../lib64 -L/usr/lib/../lib64 -L/cvmfs/lhcb.cern.ch/lib/lcg/releases/gcc/4.9.3/x86_64-slc6/bin/../lib/gcc/x86_64-unknown-linux-gnu/4.9.3/../../.. CMakeFiles/cmTryCompileExec1301794033.dir/CMakeCCompilerABI.c.o -lgcc --as-needed -lgcc_s --no-as-needed -lc -lgcc --as-needed -lgcc_s --no-as-needed /cvmfs/lhcb.cern.ch/lib/lcg/releases/gcc/4.9.3/x86_64-slc6/bin/../lib/gcc/x86_64-unknown-linux-gnu/4.9.3/crtend.o /usr/lib/../lib64/crtn.o]
    arg [/cvmfs/lhcb.cern.ch/lib/lcg/releases/gcc/4.9.3/x86_64-slc6/bin/../libexec/gcc/x86_64-unknown-linux-gnu/4.9.3/collect2] ==> ignore
    arg [--eh-frame-hdr] ==> ignore
    arg [-m] ==> ignore
    arg [elf_x86_64] ==> ignore
    arg [-export-dynamic] ==> ignore
    arg [-dynamic-linker] ==> ignore
    arg [/lib64/ld-linux-x86-64.so.2] ==> ignore
    arg [-o] ==> ignore
    arg [cmTryCompileExec1301794033] ==> ignore
    arg [/usr/lib/../lib64/crt1.o] ==> ignore
    arg [/usr/lib/../lib64/crti.o] ==> ignore
    arg [/cvmfs/lhcb.cern.ch/lib/lcg/releases/gcc/4.9.3/x86_64-slc6/bin/../lib/gcc/x86_64-unknown-linux-gnu/4.9.3/crtbegin.o] ==> ignore
    arg [-L/cvmfs/lhcb.cern.ch/lib/lcg/releases/gcc/4.9.3/x86_64-slc6/bin/../lib/gcc/x86_64-unknown-linux-gnu/4.9.3] ==> dir [/cvmfs/lhcb.cern.ch/lib/lcg/releases/gcc/4.9.3/x86_64-slc6/bin/../lib/gcc/x86_64-unknown-linux-gnu/4.9.3]
    arg [-L/cvmfs/lhcb.cern.ch/lib/lcg/releases/gcc/4.9.3/x86_64-slc6/bin/../lib/gcc] ==> dir [/cvmfs/lhcb.cern.ch/lib/lcg/releases/gcc/4.9.3/x86_64-slc6/bin/../lib/gcc]
    arg [-L/cvmfs/lhcb.cern.ch/lib/lcg/releases/gcc/4.9.3/x86_64-slc6/bin/../lib/gcc/x86_64-unknown-linux-gnu/4.9.3/../../../../lib64] ==> dir [/cvmfs/lhcb.cern.ch/lib/lcg/releases/gcc/4.9.3/x86_64-slc6/bin/../lib/gcc/x86_64-unknown-linux-gnu/4.9.3/../../../../lib64]
    arg [-L/lib/../lib64] ==> dir [/lib/../lib64]
    arg [-L/usr/lib/../lib64] ==> dir [/usr/lib/../lib64]
    arg [-L/cvmfs/lhcb.cern.ch/lib/lcg/releases/gcc/4.9.3/x86_64-slc6/bin/../lib/gcc/x86_64-unknown-linux-gnu/4.9.3/../../..] ==> dir [/cvmfs/lhcb.cern.ch/lib/lcg/releases/gcc/4.9.3/x86_64-slc6/bin/../lib/gcc/x86_64-unknown-linux-gnu/4.9.3/../../..]
    arg [CMakeFiles/cmTryCompileExec1301794033.dir/CMakeCCompilerABI.c.o] ==> ignore
    arg [-lgcc] ==> lib [gcc]
    arg [--as-needed] ==> ignore
    arg [-lgcc_s] ==> lib [gcc_s]
    arg [--no-as-needed] ==> ignore
    arg [-lc] ==> lib [c]
    arg [-lgcc] ==> lib [gcc]
    arg [--as-needed] ==> ignore
    arg [-lgcc_s] ==> lib [gcc_s]
    arg [--no-as-needed] ==> ignore
    arg [/cvmfs/lhcb.cern.ch/lib/lcg/releases/gcc/4.9.3/x86_64-slc6/bin/../lib/gcc/x86_64-unknown-linux-gnu/4.9.3/crtend.o] ==> ignore
    arg [/usr/lib/../lib64/crtn.o] ==> ignore
  remove lib [gcc]
  remove lib [gcc_s]
  remove lib [gcc]
  remove lib [gcc_s]
  collapse library dir [/cvmfs/lhcb.cern.ch/lib/lcg/releases/gcc/4.9.3/x86_64-slc6/bin/../lib/gcc/x86_64-unknown-linux-gnu/4.9.3] ==> [/cvmfs/lhcb.cern.ch/lib/lcg/releases/gcc/4.9.3/x86_64-slc6/lib/gcc/x86_64-unknown-linux-gnu/4.9.3]
  collapse library dir [/cvmfs/lhcb.cern.ch/lib/lcg/releases/gcc/4.9.3/x86_64-slc6/bin/../lib/gcc] ==> [/cvmfs/lhcb.cern.ch/lib/lcg/releases/gcc/4.9.3/x86_64-slc6/lib/gcc]
  collapse library dir [/cvmfs/lhcb.cern.ch/lib/lcg/releases/gcc/4.9.3/x86_64-slc6/bin/../lib/gcc/x86_64-unknown-linux-gnu/4.9.3/../../../../lib64] ==> [/cvmfs/lhcb.cern.ch/lib/lcg/releases/gcc/4.9.3/x86_64-slc6/lib64]
  collapse library dir [/lib/../lib64] ==> [/lib64]
  collapse library dir [/usr/lib/../lib64] ==> [/usr/lib64]
  collapse library dir [/cvmfs/lhcb.cern.ch/lib/lcg/releases/gcc/4.9.3/x86_64-slc6/bin/../lib/gcc/x86_64-unknown-linux-gnu/4.9.3/../../..] ==> [/cvmfs/lhcb.cern.ch/lib/lcg/releases/gcc/4.9.3/x86_64-slc6/lib]
  implicit libs: [c]
  implicit dirs: [/cvmfs/lhcb.cern.ch/lib/lcg/releases/gcc/4.9.3/x86_64-slc6/lib/gcc/x86_64-unknown-linux-gnu/4.9.3;/cvmfs/lhcb.cern.ch/lib/lcg/releases/gcc/4.9.3/x86_64-slc6/lib/gcc;/cvmfs/lhcb.cern.ch/lib/lcg/releases/gcc/4.9.3/x86_64-slc6/lib64;/lib64;/usr/lib64;/cvmfs/lhcb.cern.ch/lib/lcg/releases/gcc/4.9.3/x86_64-slc6/lib]
  implicit fwks: []




Detecting C [-std=c11] compiler features compiled with the following output:
Change Dir: /home/chasenberg/repos/b2cc_sin2beta_run2/build/CMakeFiles/CMakeTmp

Run Build Command:"/usr/bin/gmake" "cmTryCompileExec1682251868/fast"
/usr/bin/gmake -f CMakeFiles/cmTryCompileExec1682251868.dir/build.make CMakeFiles/cmTryCompileExec1682251868.dir/build
gmake[1]: Entering directory `/home/chasenberg/repos/b2cc_sin2beta_run2/build/CMakeFiles/CMakeTmp'
/usr/local/stow/cmake/bin/cmake -E cmake_progress_report /home/chasenberg/repos/b2cc_sin2beta_run2/build/CMakeFiles/CMakeTmp/CMakeFiles 1
Building C object CMakeFiles/cmTryCompileExec1682251868.dir/feature_tests.c.o
/cvmfs/lhcb.cern.ch/lib/lcg/releases/LCG_84/gcc/4.9.3/x86_64-slc6/bin/gcc   -std=c11 -o CMakeFiles/cmTryCompileExec1682251868.dir/feature_tests.c.o   -c /home/chasenberg/repos/b2cc_sin2beta_run2/build/CMakeFiles/feature_tests.c
Linking C executable cmTryCompileExec1682251868
/usr/local/stow/cmake/bin/cmake -E cmake_link_script CMakeFiles/cmTryCompileExec1682251868.dir/link.txt --verbose=1
/cvmfs/lhcb.cern.ch/lib/lcg/releases/LCG_84/gcc/4.9.3/x86_64-slc6/bin/gcc       CMakeFiles/cmTryCompileExec1682251868.dir/feature_tests.c.o  -o cmTryCompileExec1682251868 -rdynamic 
gmake[1]: Leaving directory `/home/chasenberg/repos/b2cc_sin2beta_run2/build/CMakeFiles/CMakeTmp'


    Feature record: C_FEATURE:1c_function_prototypes
    Feature record: C_FEATURE:1c_restrict
    Feature record: C_FEATURE:1c_static_assert
    Feature record: C_FEATURE:1c_variadic_macros


Detecting C [-std=c99] compiler features compiled with the following output:
Change Dir: /home/chasenberg/repos/b2cc_sin2beta_run2/build/CMakeFiles/CMakeTmp

Run Build Command:"/usr/bin/gmake" "cmTryCompileExec1676209419/fast"
/usr/bin/gmake -f CMakeFiles/cmTryCompileExec1676209419.dir/build.make CMakeFiles/cmTryCompileExec1676209419.dir/build
gmake[1]: Entering directory `/home/chasenberg/repos/b2cc_sin2beta_run2/build/CMakeFiles/CMakeTmp'
/usr/local/stow/cmake/bin/cmake -E cmake_progress_report /home/chasenberg/repos/b2cc_sin2beta_run2/build/CMakeFiles/CMakeTmp/CMakeFiles 1
Building C object CMakeFiles/cmTryCompileExec1676209419.dir/feature_tests.c.o
/cvmfs/lhcb.cern.ch/lib/lcg/releases/LCG_84/gcc/4.9.3/x86_64-slc6/bin/gcc   -std=c99 -o CMakeFiles/cmTryCompileExec1676209419.dir/feature_tests.c.o   -c /home/chasenberg/repos/b2cc_sin2beta_run2/build/CMakeFiles/feature_tests.c
Linking C executable cmTryCompileExec1676209419
/usr/local/stow/cmake/bin/cmake -E cmake_link_script CMakeFiles/cmTryCompileExec1676209419.dir/link.txt --verbose=1
/cvmfs/lhcb.cern.ch/lib/lcg/releases/LCG_84/gcc/4.9.3/x86_64-slc6/bin/gcc       CMakeFiles/cmTryCompileExec1676209419.dir/feature_tests.c.o  -o cmTryCompileExec1676209419 -rdynamic 
gmake[1]: Leaving directory `/home/chasenberg/repos/b2cc_sin2beta_run2/build/CMakeFiles/CMakeTmp'


    Feature record: C_FEATURE:1c_function_prototypes
    Feature record: C_FEATURE:1c_restrict
    Feature record: C_FEATURE:0c_static_assert
    Feature record: C_FEATURE:1c_variadic_macros


Detecting C [-std=c90] compiler features compiled with the following output:
Change Dir: /home/chasenberg/repos/b2cc_sin2beta_run2/build/CMakeFiles/CMakeTmp

Run Build Command:"/usr/bin/gmake" "cmTryCompileExec1825841970/fast"
/usr/bin/gmake -f CMakeFiles/cmTryCompileExec1825841970.dir/build.make CMakeFiles/cmTryCompileExec1825841970.dir/build
gmake[1]: Entering directory `/home/chasenberg/repos/b2cc_sin2beta_run2/build/CMakeFiles/CMakeTmp'
/usr/local/stow/cmake/bin/cmake -E cmake_progress_report /home/chasenberg/repos/b2cc_sin2beta_run2/build/CMakeFiles/CMakeTmp/CMakeFiles 1
Building C object CMakeFiles/cmTryCompileExec1825841970.dir/feature_tests.c.o
/cvmfs/lhcb.cern.ch/lib/lcg/releases/LCG_84/gcc/4.9.3/x86_64-slc6/bin/gcc   -std=c90 -o CMakeFiles/cmTryCompileExec1825841970.dir/feature_tests.c.o   -c /home/chasenberg/repos/b2cc_sin2beta_run2/build/CMakeFiles/feature_tests.c
Linking C executable cmTryCompileExec1825841970
/usr/local/stow/cmake/bin/cmake -E cmake_link_script CMakeFiles/cmTryCompileExec1825841970.dir/link.txt --verbose=1
/cvmfs/lhcb.cern.ch/lib/lcg/releases/LCG_84/gcc/4.9.3/x86_64-slc6/bin/gcc       CMakeFiles/cmTryCompileExec1825841970.dir/feature_tests.c.o  -o cmTryCompileExec1825841970 -rdynamic 
gmake[1]: Leaving directory `/home/chasenberg/repos/b2cc_sin2beta_run2/build/CMakeFiles/CMakeTmp'


    Feature record: C_FEATURE:1c_function_prototypes
    Feature record: C_FEATURE:0c_restrict
    Feature record: C_FEATURE:0c_static_assert
    Feature record: C_FEATURE:0c_variadic_macros
Determining if the CXX compiler works passed with the following output:
Change Dir: /home/chasenberg/repos/b2cc_sin2beta_run2/build/CMakeFiles/CMakeTmp

Run Build Command:"/usr/bin/gmake" "cmTryCompileExec1017685314/fast"
/usr/bin/gmake -f CMakeFiles/cmTryCompileExec1017685314.dir/build.make CMakeFiles/cmTryCompileExec1017685314.dir/build
gmake[1]: Entering directory `/home/chasenberg/repos/b2cc_sin2beta_run2/build/CMakeFiles/CMakeTmp'
/usr/local/stow/cmake/bin/cmake -E cmake_progress_report /home/chasenberg/repos/b2cc_sin2beta_run2/build/CMakeFiles/CMakeTmp/CMakeFiles 1
Building CXX object CMakeFiles/cmTryCompileExec1017685314.dir/testCXXCompiler.cxx.o
/cvmfs/lhcb.cern.ch/lib/lcg/releases/LCG_84/gcc/4.9.3/x86_64-slc6/bin/g++     -o CMakeFiles/cmTryCompileExec1017685314.dir/testCXXCompiler.cxx.o -c /home/chasenberg/repos/b2cc_sin2beta_run2/build/CMakeFiles/CMakeTmp/testCXXCompiler.cxx
Linking CXX executable cmTryCompileExec1017685314
/usr/local/stow/cmake/bin/cmake -E cmake_link_script CMakeFiles/cmTryCompileExec1017685314.dir/link.txt --verbose=1
/cvmfs/lhcb.cern.ch/lib/lcg/releases/LCG_84/gcc/4.9.3/x86_64-slc6/bin/g++        CMakeFiles/cmTryCompileExec1017685314.dir/testCXXCompiler.cxx.o  -o cmTryCompileExec1017685314 -rdynamic 
gmake[1]: Leaving directory `/home/chasenberg/repos/b2cc_sin2beta_run2/build/CMakeFiles/CMakeTmp'


Detecting CXX compiler ABI info compiled with the following output:
Change Dir: /home/chasenberg/repos/b2cc_sin2beta_run2/build/CMakeFiles/CMakeTmp

Run Build Command:"/usr/bin/gmake" "cmTryCompileExec3829943772/fast"
/usr/bin/gmake -f CMakeFiles/cmTryCompileExec3829943772.dir/build.make CMakeFiles/cmTryCompileExec3829943772.dir/build
gmake[1]: Entering directory `/home/chasenberg/repos/b2cc_sin2beta_run2/build/CMakeFiles/CMakeTmp'
/usr/local/stow/cmake/bin/cmake -E cmake_progress_report /home/chasenberg/repos/b2cc_sin2beta_run2/build/CMakeFiles/CMakeTmp/CMakeFiles 1
Building CXX object CMakeFiles/cmTryCompileExec3829943772.dir/CMakeCXXCompilerABI.cpp.o
/cvmfs/lhcb.cern.ch/lib/lcg/releases/LCG_84/gcc/4.9.3/x86_64-slc6/bin/g++     -o CMakeFiles/cmTryCompileExec3829943772.dir/CMakeCXXCompilerABI.cpp.o -c /usr/local/stow/cmake/share/cmake-3.2/Modules/CMakeCXXCompilerABI.cpp
Linking CXX executable cmTryCompileExec3829943772
/usr/local/stow/cmake/bin/cmake -E cmake_link_script CMakeFiles/cmTryCompileExec3829943772.dir/link.txt --verbose=1
/cvmfs/lhcb.cern.ch/lib/lcg/releases/LCG_84/gcc/4.9.3/x86_64-slc6/bin/g++       -v CMakeFiles/cmTryCompileExec3829943772.dir/CMakeCXXCompilerABI.cpp.o  -o cmTryCompileExec3829943772 -rdynamic  
Using built-in specs.
COLLECT_GCC=/cvmfs/lhcb.cern.ch/lib/lcg/releases/LCG_84/gcc/4.9.3/x86_64-slc6/bin/g++
COLLECT_LTO_WRAPPER=/cvmfs/lhcb.cern.ch/lib/lcg/releases/gcc/4.9.3/x86_64-slc6/bin/../libexec/gcc/x86_64-unknown-linux-gnu/4.9.3/lto-wrapper
Target: x86_64-unknown-linux-gnu
Configured with: ../gcc-4.9.3/configure --prefix=/build/pmendez-sftnight/install-493/ --with-system-zlib --disable-multilib --enable-languages=all
Thread model: posix
gcc version 4.9.3 (GCC) 
COMPILER_PATH=/cvmfs/lhcb.cern.ch/lib/lcg/releases/gcc/4.9.3/x86_64-slc6/bin/../libexec/gcc/x86_64-unknown-linux-gnu/4.9.3/:/cvmfs/lhcb.cern.ch/lib/lcg/releases/gcc/4.9.3/x86_64-slc6/bin/../libexec/gcc/:/cvmfs/lhcb.cern.ch/lib/lcg/releases/LCGCMT/LCGCMT_84/LCG_Settings/../../../LCG_84/gcc/4.9.3/x86_64-slc6/lib/gcc/x86_64-unknown-linux-gnu/4.9.3/
LIBRARY_PATH=/cvmfs/lhcb.cern.ch/lib/lcg/releases/gcc/4.9.3/x86_64-slc6/bin/../lib/gcc/x86_64-unknown-linux-gnu/4.9.3/:/cvmfs/lhcb.cern.ch/lib/lcg/releases/gcc/4.9.3/x86_64-slc6/bin/../lib/gcc/:/cvmfs/lhcb.cern.ch/lib/lcg/releases/gcc/4.9.3/x86_64-slc6/bin/../lib/gcc/x86_64-unknown-linux-gnu/4.9.3/../../../../lib64/:/lib/../lib64/:/usr/lib/../lib64/:/cvmfs/lhcb.cern.ch/lib/lcg/releases/gcc/4.9.3/x86_64-slc6/bin/../lib/gcc/x86_64-unknown-linux-gnu/4.9.3/../../../:/lib/:/usr/lib/
COLLECT_GCC_OPTIONS='-v' '-o' 'cmTryCompileExec3829943772' '-rdynamic' '-shared-libgcc' '-mtune=generic' '-march=x86-64'
 /cvmfs/lhcb.cern.ch/lib/lcg/releases/gcc/4.9.3/x86_64-slc6/bin/../libexec/gcc/x86_64-unknown-linux-gnu/4.9.3/collect2 --eh-frame-hdr -m elf_x86_64 -export-dynamic -dynamic-linker /lib64/ld-linux-x86-64.so.2 -o cmTryCompileExec3829943772 /usr/lib/../lib64/crt1.o /usr/lib/../lib64/crti.o /cvmfs/lhcb.cern.ch/lib/lcg/releases/gcc/4.9.3/x86_64-slc6/bin/../lib/gcc/x86_64-unknown-linux-gnu/4.9.3/crtbegin.o -L/cvmfs/lhcb.cern.ch/lib/lcg/releases/gcc/4.9.3/x86_64-slc6/bin/../lib/gcc/x86_64-unknown-linux-gnu/4.9.3 -L/cvmfs/lhcb.cern.ch/lib/lcg/releases/gcc/4.9.3/x86_64-slc6/bin/../lib/gcc -L/cvmfs/lhcb.cern.ch/lib/lcg/releases/gcc/4.9.3/x86_64-slc6/bin/../lib/gcc/x86_64-unknown-linux-gnu/4.9.3/../../../../lib64 -L/lib/../lib64 -L/usr/lib/../lib64 -L/cvmfs/lhcb.cern.ch/lib/lcg/releases/gcc/4.9.3/x86_64-slc6/bin/../lib/gcc/x86_64-unknown-linux-gnu/4.9.3/../../.. CMakeFiles/cmTryCompileExec3829943772.dir/CMakeCXXCompilerABI.cpp.o -lstdc++ -lm -lgcc_s -lgcc -lc -lgcc_s -lgcc /cvmfs/lhcb.cern.ch/lib/lcg/releases/gcc/4.9.3/x86_64-slc6/bin/../lib/gcc/x86_64-unknown-linux-gnu/4.9.3/crtend.o /usr/lib/../lib64/crtn.o
gmake[1]: Leaving directory `/home/chasenberg/repos/b2cc_sin2beta_run2/build/CMakeFiles/CMakeTmp'


Parsed CXX implicit link information from above output:
  link line regex: [^( *|.*[/\])(ld|([^/\]+-)?ld|collect2)[^/\]*( |$)]
  ignore line: [Change Dir: /home/chasenberg/repos/b2cc_sin2beta_run2/build/CMakeFiles/CMakeTmp]
  ignore line: []
  ignore line: [Run Build Command:"/usr/bin/gmake" "cmTryCompileExec3829943772/fast"]
  ignore line: [/usr/bin/gmake -f CMakeFiles/cmTryCompileExec3829943772.dir/build.make CMakeFiles/cmTryCompileExec3829943772.dir/build]
  ignore line: [gmake[1]: Entering directory `/home/chasenberg/repos/b2cc_sin2beta_run2/build/CMakeFiles/CMakeTmp']
  ignore line: [/usr/local/stow/cmake/bin/cmake -E cmake_progress_report /home/chasenberg/repos/b2cc_sin2beta_run2/build/CMakeFiles/CMakeTmp/CMakeFiles 1]
  ignore line: [Building CXX object CMakeFiles/cmTryCompileExec3829943772.dir/CMakeCXXCompilerABI.cpp.o]
  ignore line: [/cvmfs/lhcb.cern.ch/lib/lcg/releases/LCG_84/gcc/4.9.3/x86_64-slc6/bin/g++     -o CMakeFiles/cmTryCompileExec3829943772.dir/CMakeCXXCompilerABI.cpp.o -c /usr/local/stow/cmake/share/cmake-3.2/Modules/CMakeCXXCompilerABI.cpp]
  ignore line: [Linking CXX executable cmTryCompileExec3829943772]
  ignore line: [/usr/local/stow/cmake/bin/cmake -E cmake_link_script CMakeFiles/cmTryCompileExec3829943772.dir/link.txt --verbose=1]
  ignore line: [/cvmfs/lhcb.cern.ch/lib/lcg/releases/LCG_84/gcc/4.9.3/x86_64-slc6/bin/g++       -v CMakeFiles/cmTryCompileExec3829943772.dir/CMakeCXXCompilerABI.cpp.o  -o cmTryCompileExec3829943772 -rdynamic  ]
  ignore line: [Using built-in specs.]
  ignore line: [COLLECT_GCC=/cvmfs/lhcb.cern.ch/lib/lcg/releases/LCG_84/gcc/4.9.3/x86_64-slc6/bin/g++]
  ignore line: [COLLECT_LTO_WRAPPER=/cvmfs/lhcb.cern.ch/lib/lcg/releases/gcc/4.9.3/x86_64-slc6/bin/../libexec/gcc/x86_64-unknown-linux-gnu/4.9.3/lto-wrapper]
  ignore line: [Target: x86_64-unknown-linux-gnu]
  ignore line: [Configured with: ../gcc-4.9.3/configure --prefix=/build/pmendez-sftnight/install-493/ --with-system-zlib --disable-multilib --enable-languages=all]
  ignore line: [Thread model: posix]
  ignore line: [gcc version 4.9.3 (GCC) ]
  ignore line: [COMPILER_PATH=/cvmfs/lhcb.cern.ch/lib/lcg/releases/gcc/4.9.3/x86_64-slc6/bin/../libexec/gcc/x86_64-unknown-linux-gnu/4.9.3/:/cvmfs/lhcb.cern.ch/lib/lcg/releases/gcc/4.9.3/x86_64-slc6/bin/../libexec/gcc/:/cvmfs/lhcb.cern.ch/lib/lcg/releases/LCGCMT/LCGCMT_84/LCG_Settings/../../../LCG_84/gcc/4.9.3/x86_64-slc6/lib/gcc/x86_64-unknown-linux-gnu/4.9.3/]
  ignore line: [LIBRARY_PATH=/cvmfs/lhcb.cern.ch/lib/lcg/releases/gcc/4.9.3/x86_64-slc6/bin/../lib/gcc/x86_64-unknown-linux-gnu/4.9.3/:/cvmfs/lhcb.cern.ch/lib/lcg/releases/gcc/4.9.3/x86_64-slc6/bin/../lib/gcc/:/cvmfs/lhcb.cern.ch/lib/lcg/releases/gcc/4.9.3/x86_64-slc6/bin/../lib/gcc/x86_64-unknown-linux-gnu/4.9.3/../../../../lib64/:/lib/../lib64/:/usr/lib/../lib64/:/cvmfs/lhcb.cern.ch/lib/lcg/releases/gcc/4.9.3/x86_64-slc6/bin/../lib/gcc/x86_64-unknown-linux-gnu/4.9.3/../../../:/lib/:/usr/lib/]
  ignore line: [COLLECT_GCC_OPTIONS='-v' '-o' 'cmTryCompileExec3829943772' '-rdynamic' '-shared-libgcc' '-mtune=generic' '-march=x86-64']
  link line: [ /cvmfs/lhcb.cern.ch/lib/lcg/releases/gcc/4.9.3/x86_64-slc6/bin/../libexec/gcc/x86_64-unknown-linux-gnu/4.9.3/collect2 --eh-frame-hdr -m elf_x86_64 -export-dynamic -dynamic-linker /lib64/ld-linux-x86-64.so.2 -o cmTryCompileExec3829943772 /usr/lib/../lib64/crt1.o /usr/lib/../lib64/crti.o /cvmfs/lhcb.cern.ch/lib/lcg/releases/gcc/4.9.3/x86_64-slc6/bin/../lib/gcc/x86_64-unknown-linux-gnu/4.9.3/crtbegin.o -L/cvmfs/lhcb.cern.ch/lib/lcg/releases/gcc/4.9.3/x86_64-slc6/bin/../lib/gcc/x86_64-unknown-linux-gnu/4.9.3 -L/cvmfs/lhcb.cern.ch/lib/lcg/releases/gcc/4.9.3/x86_64-slc6/bin/../lib/gcc -L/cvmfs/lhcb.cern.ch/lib/lcg/releases/gcc/4.9.3/x86_64-slc6/bin/../lib/gcc/x86_64-unknown-linux-gnu/4.9.3/../../../../lib64 -L/lib/../lib64 -L/usr/lib/../lib64 -L/cvmfs/lhcb.cern.ch/lib/lcg/releases/gcc/4.9.3/x86_64-slc6/bin/../lib/gcc/x86_64-unknown-linux-gnu/4.9.3/../../.. CMakeFiles/cmTryCompileExec3829943772.dir/CMakeCXXCompilerABI.cpp.o -lstdc++ -lm -lgcc_s -lgcc -lc -lgcc_s -lgcc /cvmfs/lhcb.cern.ch/lib/lcg/releases/gcc/4.9.3/x86_64-slc6/bin/../lib/gcc/x86_64-unknown-linux-gnu/4.9.3/crtend.o /usr/lib/../lib64/crtn.o]
    arg [/cvmfs/lhcb.cern.ch/lib/lcg/releases/gcc/4.9.3/x86_64-slc6/bin/../libexec/gcc/x86_64-unknown-linux-gnu/4.9.3/collect2] ==> ignore
    arg [--eh-frame-hdr] ==> ignore
    arg [-m] ==> ignore
    arg [elf_x86_64] ==> ignore
    arg [-export-dynamic] ==> ignore
    arg [-dynamic-linker] ==> ignore
    arg [/lib64/ld-linux-x86-64.so.2] ==> ignore
    arg [-o] ==> ignore
    arg [cmTryCompileExec3829943772] ==> ignore
    arg [/usr/lib/../lib64/crt1.o] ==> ignore
    arg [/usr/lib/../lib64/crti.o] ==> ignore
    arg [/cvmfs/lhcb.cern.ch/lib/lcg/releases/gcc/4.9.3/x86_64-slc6/bin/../lib/gcc/x86_64-unknown-linux-gnu/4.9.3/crtbegin.o] ==> ignore
    arg [-L/cvmfs/lhcb.cern.ch/lib/lcg/releases/gcc/4.9.3/x86_64-slc6/bin/../lib/gcc/x86_64-unknown-linux-gnu/4.9.3] ==> dir [/cvmfs/lhcb.cern.ch/lib/lcg/releases/gcc/4.9.3/x86_64-slc6/bin/../lib/gcc/x86_64-unknown-linux-gnu/4.9.3]
    arg [-L/cvmfs/lhcb.cern.ch/lib/lcg/releases/gcc/4.9.3/x86_64-slc6/bin/../lib/gcc] ==> dir [/cvmfs/lhcb.cern.ch/lib/lcg/releases/gcc/4.9.3/x86_64-slc6/bin/../lib/gcc]
    arg [-L/cvmfs/lhcb.cern.ch/lib/lcg/releases/gcc/4.9.3/x86_64-slc6/bin/../lib/gcc/x86_64-unknown-linux-gnu/4.9.3/../../../../lib64] ==> dir [/cvmfs/lhcb.cern.ch/lib/lcg/releases/gcc/4.9.3/x86_64-slc6/bin/../lib/gcc/x86_64-unknown-linux-gnu/4.9.3/../../../../lib64]
    arg [-L/lib/../lib64] ==> dir [/lib/../lib64]
    arg [-L/usr/lib/../lib64] ==> dir [/usr/lib/../lib64]
    arg [-L/cvmfs/lhcb.cern.ch/lib/lcg/releases/gcc/4.9.3/x86_64-slc6/bin/../lib/gcc/x86_64-unknown-linux-gnu/4.9.3/../../..] ==> dir [/cvmfs/lhcb.cern.ch/lib/lcg/releases/gcc/4.9.3/x86_64-slc6/bin/../lib/gcc/x86_64-unknown-linux-gnu/4.9.3/../../..]
    arg [CMakeFiles/cmTryCompileExec3829943772.dir/CMakeCXXCompilerABI.cpp.o] ==> ignore
    arg [-lstdc++] ==> lib [stdc++]
    arg [-lm] ==> lib [m]
    arg [-lgcc_s] ==> lib [gcc_s]
    arg [-lgcc] ==> lib [gcc]
    arg [-lc] ==> lib [c]
    arg [-lgcc_s] ==> lib [gcc_s]
    arg [-lgcc] ==> lib [gcc]
    arg [/cvmfs/lhcb.cern.ch/lib/lcg/releases/gcc/4.9.3/x86_64-slc6/bin/../lib/gcc/x86_64-unknown-linux-gnu/4.9.3/crtend.o] ==> ignore
    arg [/usr/lib/../lib64/crtn.o] ==> ignore
  remove lib [gcc_s]
  remove lib [gcc]
  remove lib [gcc_s]
  remove lib [gcc]
  collapse library dir [/cvmfs/lhcb.cern.ch/lib/lcg/releases/gcc/4.9.3/x86_64-slc6/bin/../lib/gcc/x86_64-unknown-linux-gnu/4.9.3] ==> [/cvmfs/lhcb.cern.ch/lib/lcg/releases/gcc/4.9.3/x86_64-slc6/lib/gcc/x86_64-unknown-linux-gnu/4.9.3]
  collapse library dir [/cvmfs/lhcb.cern.ch/lib/lcg/releases/gcc/4.9.3/x86_64-slc6/bin/../lib/gcc] ==> [/cvmfs/lhcb.cern.ch/lib/lcg/releases/gcc/4.9.3/x86_64-slc6/lib/gcc]
  collapse library dir [/cvmfs/lhcb.cern.ch/lib/lcg/releases/gcc/4.9.3/x86_64-slc6/bin/../lib/gcc/x86_64-unknown-linux-gnu/4.9.3/../../../../lib64] ==> [/cvmfs/lhcb.cern.ch/lib/lcg/releases/gcc/4.9.3/x86_64-slc6/lib64]
  collapse library dir [/lib/../lib64] ==> [/lib64]
  collapse library dir [/usr/lib/../lib64] ==> [/usr/lib64]
  collapse library dir [/cvmfs/lhcb.cern.ch/lib/lcg/releases/gcc/4.9.3/x86_64-slc6/bin/../lib/gcc/x86_64-unknown-linux-gnu/4.9.3/../../..] ==> [/cvmfs/lhcb.cern.ch/lib/lcg/releases/gcc/4.9.3/x86_64-slc6/lib]
  implicit libs: [stdc++;m;c]
  implicit dirs: [/cvmfs/lhcb.cern.ch/lib/lcg/releases/gcc/4.9.3/x86_64-slc6/lib/gcc/x86_64-unknown-linux-gnu/4.9.3;/cvmfs/lhcb.cern.ch/lib/lcg/releases/gcc/4.9.3/x86_64-slc6/lib/gcc;/cvmfs/lhcb.cern.ch/lib/lcg/releases/gcc/4.9.3/x86_64-slc6/lib64;/lib64;/usr/lib64;/cvmfs/lhcb.cern.ch/lib/lcg/releases/gcc/4.9.3/x86_64-slc6/lib]
  implicit fwks: []




Detecting CXX [-std=c++14] compiler features compiled with the following output:
Change Dir: /home/chasenberg/repos/b2cc_sin2beta_run2/build/CMakeFiles/CMakeTmp

Run Build Command:"/usr/bin/gmake" "cmTryCompileExec756306276/fast"
/usr/bin/gmake -f CMakeFiles/cmTryCompileExec756306276.dir/build.make CMakeFiles/cmTryCompileExec756306276.dir/build
gmake[1]: Entering directory `/home/chasenberg/repos/b2cc_sin2beta_run2/build/CMakeFiles/CMakeTmp'
/usr/local/stow/cmake/bin/cmake -E cmake_progress_report /home/chasenberg/repos/b2cc_sin2beta_run2/build/CMakeFiles/CMakeTmp/CMakeFiles 1
Building CXX object CMakeFiles/cmTryCompileExec756306276.dir/feature_tests.cxx.o
/cvmfs/lhcb.cern.ch/lib/lcg/releases/LCG_84/gcc/4.9.3/x86_64-slc6/bin/g++    -std=c++14 -o CMakeFiles/cmTryCompileExec756306276.dir/feature_tests.cxx.o -c /home/chasenberg/repos/b2cc_sin2beta_run2/build/CMakeFiles/feature_tests.cxx
Linking CXX executable cmTryCompileExec756306276
/usr/local/stow/cmake/bin/cmake -E cmake_link_script CMakeFiles/cmTryCompileExec756306276.dir/link.txt --verbose=1
/cvmfs/lhcb.cern.ch/lib/lcg/releases/LCG_84/gcc/4.9.3/x86_64-slc6/bin/g++        CMakeFiles/cmTryCompileExec756306276.dir/feature_tests.cxx.o  -o cmTryCompileExec756306276 -rdynamic 
gmake[1]: Leaving directory `/home/chasenberg/repos/b2cc_sin2beta_run2/build/CMakeFiles/CMakeTmp'


    Feature record: CXX_FEATURE:0cxx_aggregate_default_initializers
    Feature record: CXX_FEATURE:1cxx_alias_templates
    Feature record: CXX_FEATURE:1cxx_alignas
    Feature record: CXX_FEATURE:1cxx_alignof
    Feature record: CXX_FEATURE:1cxx_attributes
    Feature record: CXX_FEATURE:1cxx_attribute_deprecated
    Feature record: CXX_FEATURE:1cxx_auto_type
    Feature record: CXX_FEATURE:1cxx_binary_literals
    Feature record: CXX_FEATURE:1cxx_constexpr
    Feature record: CXX_FEATURE:1cxx_contextual_conversions
    Feature record: CXX_FEATURE:1cxx_decltype
    Feature record: CXX_FEATURE:1cxx_decltype_auto
    Feature record: CXX_FEATURE:1cxx_decltype_incomplete_return_types
    Feature record: CXX_FEATURE:1cxx_default_function_template_args
    Feature record: CXX_FEATURE:1cxx_defaulted_functions
    Feature record: CXX_FEATURE:1cxx_defaulted_move_initializers
    Feature record: CXX_FEATURE:1cxx_delegating_constructors
    Feature record: CXX_FEATURE:1cxx_deleted_functions
    Feature record: CXX_FEATURE:1cxx_digit_separators
    Feature record: CXX_FEATURE:1cxx_enum_forward_declarations
    Feature record: CXX_FEATURE:1cxx_explicit_conversions
    Feature record: CXX_FEATURE:1cxx_extended_friend_declarations
    Feature record: CXX_FEATURE:1cxx_extern_templates
    Feature record: CXX_FEATURE:1cxx_final
    Feature record: CXX_FEATURE:1cxx_func_identifier
    Feature record: CXX_FEATURE:1cxx_generalized_initializers
    Feature record: CXX_FEATURE:1cxx_generic_lambdas
    Feature record: CXX_FEATURE:1cxx_inheriting_constructors
    Feature record: CXX_FEATURE:1cxx_inline_namespaces
    Feature record: CXX_FEATURE:1cxx_lambdas
    Feature record: CXX_FEATURE:1cxx_lambda_init_captures
    Feature record: CXX_FEATURE:1cxx_local_type_template_args
    Feature record: CXX_FEATURE:1cxx_long_long_type
    Feature record: CXX_FEATURE:1cxx_noexcept
    Feature record: CXX_FEATURE:1cxx_nonstatic_member_init
    Feature record: CXX_FEATURE:1cxx_nullptr
    Feature record: CXX_FEATURE:1cxx_override
    Feature record: CXX_FEATURE:1cxx_range_for
    Feature record: CXX_FEATURE:1cxx_raw_string_literals
    Feature record: CXX_FEATURE:1cxx_reference_qualified_functions
    Feature record: CXX_FEATURE:0cxx_relaxed_constexpr
    Feature record: CXX_FEATURE:1cxx_return_type_deduction
    Feature record: CXX_FEATURE:1cxx_right_angle_brackets
    Feature record: CXX_FEATURE:1cxx_rvalue_references
    Feature record: CXX_FEATURE:1cxx_sizeof_member
    Feature record: CXX_FEATURE:1cxx_static_assert
    Feature record: CXX_FEATURE:1cxx_strong_enums
    Feature record: CXX_FEATURE:1cxx_template_template_parameters
    Feature record: CXX_FEATURE:1cxx_thread_local
    Feature record: CXX_FEATURE:1cxx_trailing_return_types
    Feature record: CXX_FEATURE:1cxx_unicode_literals
    Feature record: CXX_FEATURE:1cxx_uniform_initialization
    Feature record: CXX_FEATURE:1cxx_unrestricted_unions
    Feature record: CXX_FEATURE:1cxx_user_literals
    Feature record: CXX_FEATURE:0cxx_variable_templates
    Feature record: CXX_FEATURE:1cxx_variadic_macros
    Feature record: CXX_FEATURE:1cxx_variadic_templates


Detecting CXX [-std=c++11] compiler features compiled with the following output:
Change Dir: /home/chasenberg/repos/b2cc_sin2beta_run2/build/CMakeFiles/CMakeTmp

Run Build Command:"/usr/bin/gmake" "cmTryCompileExec2285867120/fast"
/usr/bin/gmake -f CMakeFiles/cmTryCompileExec2285867120.dir/build.make CMakeFiles/cmTryCompileExec2285867120.dir/build
gmake[1]: Entering directory `/home/chasenberg/repos/b2cc_sin2beta_run2/build/CMakeFiles/CMakeTmp'
/usr/local/stow/cmake/bin/cmake -E cmake_progress_report /home/chasenberg/repos/b2cc_sin2beta_run2/build/CMakeFiles/CMakeTmp/CMakeFiles 1
Building CXX object CMakeFiles/cmTryCompileExec2285867120.dir/feature_tests.cxx.o
/cvmfs/lhcb.cern.ch/lib/lcg/releases/LCG_84/gcc/4.9.3/x86_64-slc6/bin/g++    -std=c++11 -o CMakeFiles/cmTryCompileExec2285867120.dir/feature_tests.cxx.o -c /home/chasenberg/repos/b2cc_sin2beta_run2/build/CMakeFiles/feature_tests.cxx
Linking CXX executable cmTryCompileExec2285867120
/usr/local/stow/cmake/bin/cmake -E cmake_link_script CMakeFiles/cmTryCompileExec2285867120.dir/link.txt --verbose=1
/cvmfs/lhcb.cern.ch/lib/lcg/releases/LCG_84/gcc/4.9.3/x86_64-slc6/bin/g++        CMakeFiles/cmTryCompileExec2285867120.dir/feature_tests.cxx.o  -o cmTryCompileExec2285867120 -rdynamic 
gmake[1]: Leaving directory `/home/chasenberg/repos/b2cc_sin2beta_run2/build/CMakeFiles/CMakeTmp'


    Feature record: CXX_FEATURE:0cxx_aggregate_default_initializers
    Feature record: CXX_FEATURE:1cxx_alias_templates
    Feature record: CXX_FEATURE:1cxx_alignas
    Feature record: CXX_FEATURE:1cxx_alignof
    Feature record: CXX_FEATURE:1cxx_attributes
    Feature record: CXX_FEATURE:0cxx_attribute_deprecated
    Feature record: CXX_FEATURE:1cxx_auto_type
    Feature record: CXX_FEATURE:0cxx_binary_literals
    Feature record: CXX_FEATURE:1cxx_constexpr
    Feature record: CXX_FEATURE:0cxx_contextual_conversions
    Feature record: CXX_FEATURE:1cxx_decltype
    Feature record: CXX_FEATURE:0cxx_decltype_auto
    Feature record: CXX_FEATURE:1cxx_decltype_incomplete_return_types
    Feature record: CXX_FEATURE:1cxx_default_function_template_args
    Feature record: CXX_FEATURE:1cxx_defaulted_functions
    Feature record: CXX_FEATURE:1cxx_defaulted_move_initializers
    Feature record: CXX_FEATURE:1cxx_delegating_constructors
    Feature record: CXX_FEATURE:1cxx_deleted_functions
    Feature record: CXX_FEATURE:0cxx_digit_separators
    Feature record: CXX_FEATURE:1cxx_enum_forward_declarations
    Feature record: CXX_FEATURE:1cxx_explicit_conversions
    Feature record: CXX_FEATURE:1cxx_extended_friend_declarations
    Feature record: CXX_FEATURE:1cxx_extern_templates
    Feature record: CXX_FEATURE:1cxx_final
    Feature record: CXX_FEATURE:1cxx_func_identifier
    Feature record: CXX_FEATURE:1cxx_generalized_initializers
    Feature record: CXX_FEATURE:0cxx_generic_lambdas
    Feature record: CXX_FEATURE:1cxx_inheriting_constructors
    Feature record: CXX_FEATURE:1cxx_inline_namespaces
    Feature record: CXX_FEATURE:1cxx_lambdas
    Feature record: CXX_FEATURE:0cxx_lambda_init_captures
    Feature record: CXX_FEATURE:1cxx_local_type_template_args
    Feature record: CXX_FEATURE:1cxx_long_long_type
    Feature record: CXX_FEATURE:1cxx_noexcept
    Feature record: CXX_FEATURE:1cxx_nonstatic_member_init
    Feature record: CXX_FEATURE:1cxx_nullptr
    Feature record: CXX_FEATURE:1cxx_override
    Feature record: CXX_FEATURE:1cxx_range_for
    Feature record: CXX_FEATURE:1cxx_raw_string_literals
    Feature record: CXX_FEATURE:1cxx_reference_qualified_functions
    Feature record: CXX_FEATURE:0cxx_relaxed_constexpr
    Feature record: CXX_FEATURE:0cxx_return_type_deduction
    Feature record: CXX_FEATURE:1cxx_right_angle_brackets
    Feature record: CXX_FEATURE:1cxx_rvalue_references
    Feature record: CXX_FEATURE:1cxx_sizeof_member
    Feature record: CXX_FEATURE:1cxx_static_assert
    Feature record: CXX_FEATURE:1cxx_strong_enums
    Feature record: CXX_FEATURE:1cxx_template_template_parameters
    Feature record: CXX_FEATURE:1cxx_thread_local
    Feature record: CXX_FEATURE:1cxx_trailing_return_types
    Feature record: CXX_FEATURE:1cxx_unicode_literals
    Feature record: CXX_FEATURE:1cxx_uniform_initialization
    Feature record: CXX_FEATURE:1cxx_unrestricted_unions
    Feature record: CXX_FEATURE:1cxx_user_literals
    Feature record: CXX_FEATURE:0cxx_variable_templates
    Feature record: CXX_FEATURE:1cxx_variadic_macros
    Feature record: CXX_FEATURE:1cxx_variadic_templates


Detecting CXX [-std=c++98] compiler features compiled with the following output:
Change Dir: /home/chasenberg/repos/b2cc_sin2beta_run2/build/CMakeFiles/CMakeTmp

Run Build Command:"/usr/bin/gmake" "cmTryCompileExec984259325/fast"
/usr/bin/gmake -f CMakeFiles/cmTryCompileExec984259325.dir/build.make CMakeFiles/cmTryCompileExec984259325.dir/build
gmake[1]: Entering directory `/home/chasenberg/repos/b2cc_sin2beta_run2/build/CMakeFiles/CMakeTmp'
/usr/local/stow/cmake/bin/cmake -E cmake_progress_report /home/chasenberg/repos/b2cc_sin2beta_run2/build/CMakeFiles/CMakeTmp/CMakeFiles 1
Building CXX object CMakeFiles/cmTryCompileExec984259325.dir/feature_tests.cxx.o
/cvmfs/lhcb.cern.ch/lib/lcg/releases/LCG_84/gcc/4.9.3/x86_64-slc6/bin/g++    -std=c++98 -o CMakeFiles/cmTryCompileExec984259325.dir/feature_tests.cxx.o -c /home/chasenberg/repos/b2cc_sin2beta_run2/build/CMakeFiles/feature_tests.cxx
Linking CXX executable cmTryCompileExec984259325
/usr/local/stow/cmake/bin/cmake -E cmake_link_script CMakeFiles/cmTryCompileExec984259325.dir/link.txt --verbose=1
/cvmfs/lhcb.cern.ch/lib/lcg/releases/LCG_84/gcc/4.9.3/x86_64-slc6/bin/g++        CMakeFiles/cmTryCompileExec984259325.dir/feature_tests.cxx.o  -o cmTryCompileExec984259325 -rdynamic 
gmake[1]: Leaving directory `/home/chasenberg/repos/b2cc_sin2beta_run2/build/CMakeFiles/CMakeTmp'


    Feature record: CXX_FEATURE:0cxx_aggregate_default_initializers
    Feature record: CXX_FEATURE:0cxx_alias_templates
    Feature record: CXX_FEATURE:0cxx_alignas
    Feature record: CXX_FEATURE:0cxx_alignof
    Feature record: CXX_FEATURE:0cxx_attributes
    Feature record: CXX_FEATURE:0cxx_attribute_deprecated
    Feature record: CXX_FEATURE:0cxx_auto_type
    Feature record: CXX_FEATURE:0cxx_binary_literals
    Feature record: CXX_FEATURE:0cxx_constexpr
    Feature record: CXX_FEATURE:0cxx_contextual_conversions
    Feature record: CXX_FEATURE:0cxx_decltype
    Feature record: CXX_FEATURE:0cxx_decltype_auto
    Feature record: CXX_FEATURE:0cxx_decltype_incomplete_return_types
    Feature record: CXX_FEATURE:0cxx_default_function_template_args
    Feature record: CXX_FEATURE:0cxx_defaulted_functions
    Feature record: CXX_FEATURE:0cxx_defaulted_move_initializers
    Feature record: CXX_FEATURE:0cxx_delegating_constructors
    Feature record: CXX_FEATURE:0cxx_deleted_functions
    Feature record: CXX_FEATURE:0cxx_digit_separators
    Feature record: CXX_FEATURE:0cxx_enum_forward_declarations
    Feature record: CXX_FEATURE:0cxx_explicit_conversions
    Feature record: CXX_FEATURE:0cxx_extended_friend_declarations
    Feature record: CXX_FEATURE:0cxx_extern_templates
    Feature record: CXX_FEATURE:0cxx_final
    Feature record: CXX_FEATURE:0cxx_func_identifier
    Feature record: CXX_FEATURE:0cxx_generalized_initializers
    Feature record: CXX_FEATURE:0cxx_generic_lambdas
    Feature record: CXX_FEATURE:0cxx_inheriting_constructors
    Feature record: CXX_FEATURE:0cxx_inline_namespaces
    Feature record: CXX_FEATURE:0cxx_lambdas
    Feature record: CXX_FEATURE:0cxx_lambda_init_captures
    Feature record: CXX_FEATURE:0cxx_local_type_template_args
    Feature record: CXX_FEATURE:0cxx_long_long_type
    Feature record: CXX_FEATURE:0cxx_noexcept
    Feature record: CXX_FEATURE:0cxx_nonstatic_member_init
    Feature record: CXX_FEATURE:0cxx_nullptr
    Feature record: CXX_FEATURE:0cxx_override
    Feature record: CXX_FEATURE:0cxx_range_for
    Feature record: CXX_FEATURE:0cxx_raw_string_literals
    Feature record: CXX_FEATURE:0cxx_reference_qualified_functions
    Feature record: CXX_FEATURE:0cxx_relaxed_constexpr
    Feature record: CXX_FEATURE:0cxx_return_type_deduction
    Feature record: CXX_FEATURE:0cxx_right_angle_brackets
    Feature record: CXX_FEATURE:0cxx_rvalue_references
    Feature record: CXX_FEATURE:0cxx_sizeof_member
    Feature record: CXX_FEATURE:0cxx_static_assert
    Feature record: CXX_FEATURE:0cxx_strong_enums
    Feature record: CXX_FEATURE:1cxx_template_template_parameters
    Feature record: CXX_FEATURE:0cxx_thread_local
    Feature record: CXX_FEATURE:0cxx_trailing_return_types
    Feature record: CXX_FEATURE:0cxx_unicode_literals
    Feature record: CXX_FEATURE:0cxx_uniform_initialization
    Feature record: CXX_FEATURE:0cxx_unrestricted_unions
    Feature record: CXX_FEATURE:0cxx_user_literals
    Feature record: CXX_FEATURE:0cxx_variable_templates
    Feature record: CXX_FEATURE:0cxx_variadic_macros
    Feature record: CXX_FEATURE:0cxx_variadic_templates
